2012-08-09 11:27:03,282 INFO  verde-0 : The Grinder version 3.10
2012-08-09 11:27:03,287 INFO  verde-0 : Java(TM) SE Runtime Environment 1.6.0_26-b03: Java HotSpot(TM) 64-Bit Server VM (20.1-b02, mixed mode) on Linux amd64 2.6.32-5-amd64
2012-08-09 11:27:03,291 INFO  verde-0 : time zone is PDT (-0700)
2012-08-09 11:27:03,361 INFO  verde-0 : worker process 0
2012-08-09 11:27:03,412 INFO  verde-0 : instrumentation agents: byte code transforming instrumenter for Jython 2.5; byte code transforming instrumenter for Java
2012-08-09 11:27:05,136 INFO  verde-0 : running "../tests/insertquery.py" using Jython 2.5.2 (Release_2_5_2:7206, Mar 2 2011, 23:12:06) 
[Java HotSpot(TM) 64-Bit Server VM (Sun Microsystems Inc.)]
2012-08-09 11:27:05,238 INFO  verde-0 thread-0: Started Logging: 1000 records each for 10000 streams at 1344536825.23 seconds since the epoch.
2012-08-09 11:27:05,239 INFO  verde-0 thread-0: starting, will run forever
2012-08-09 11:27:05,240 INFO  verde-0 : start time is 1344536825239 ms since Epoch
2012-08-09 11:27:05,557 INFO  verde-0 thread-0 [ run-0 ]: Insertion Results as (start time, end time, completion time): (1344536825.3, 1344536825.54, 0.223202705383)
2012-08-09 11:27:05,725 INFO  verde-0 thread-0 [ run-0 ]: Query 100 records from 1000 streams Results as (start time, end time, completion time): (1344536825.68, 1344536825.7, 0.0246510505676)
2012-08-09 11:27:05,738 INFO  verde-0 thread-0 [ run-0 ]: The database size is now 327680 bytes.
2012-08-09 11:27:05,951 INFO  verde-0 thread-0 [ run-1 ]: Insertion Results as (start time, end time, completion time): (1344536825.8, 1344536825.94, 0.11328792572)
2012-08-09 11:27:06,130 INFO  verde-0 thread-0 [ run-1 ]: Query 100 records from 1000 streams Results as (start time, end time, completion time): (1344536826.07, 1344536826.11, 0.0398890972137)
2012-08-09 11:27:06,145 INFO  verde-0 thread-0 [ run-1 ]: The database size is now 327680 bytes.
2012-08-09 11:27:06,377 INFO  verde-0 thread-0 [ run-2 ]: Insertion Results as (start time, end time, completion time): (1344536826.21, 1344536826.36, 0.125385522842)
2012-08-09 11:27:06,589 INFO  verde-0 thread-0 [ run-2 ]: Query 100 records from 1000 streams Results as (start time, end time, completion time): (1344536826.52, 1344536826.56, 0.0384428501129)
2012-08-09 11:27:06,606 INFO  verde-0 thread-0 [ run-2 ]: The database size is now 327680 bytes.
2012-08-09 11:27:06,737 INFO  verde-0 thread-0 [ run-3 ]: Insertion Results as (start time, end time, completion time): (1344536826.67, 1344536826.73, 0.0339787006378)
2012-08-09 11:27:06,926 INFO  verde-0 thread-0 [ run-3 ]: Query 100 records from 1000 streams Results as (start time, end time, completion time): (1344536826.87, 1344536826.9, 0.0252511501312)
2012-08-09 11:27:06,939 INFO  verde-0 thread-0 [ run-3 ]: The database size is now 327680 bytes.
2012-08-09 11:27:07,097 INFO  verde-0 thread-0 [ run-4 ]: Insertion Results as (start time, end time, completion time): (1344536827.0, 1344536827.09, 0.0609810352325)
2012-08-09 11:27:07,281 INFO  verde-0 thread-0 [ run-4 ]: Query 100 records from 1000 streams Results as (start time, end time, completion time): (1344536827.23, 1344536827.25, 0.0239150524139)
2012-08-09 11:27:07,291 INFO  verde-0 thread-0 [ run-4 ]: The database size is now 327680 bytes.
2012-08-09 11:27:07,445 INFO  verde-0 thread-0 [ run-5 ]: Insertion Results as (start time, end time, completion time): (1344536827.35, 1344536827.43, 0.0627391338348)
2012-08-09 11:27:07,634 INFO  verde-0 thread-0 [ run-5 ]: Query 100 records from 1000 streams Results as (start time, end time, completion time): (1344536827.57, 1344536827.6, 0.0289130210876)
2012-08-09 11:27:07,643 INFO  verde-0 thread-0 [ run-5 ]: The database size is now 327680 bytes.
2012-08-09 11:27:07,796 INFO  verde-0 thread-0 [ run-6 ]: Insertion Results as (start time, end time, completion time): (1344536827.71, 1344536827.79, 0.0613510608673)
2012-08-09 11:27:07,999 INFO  verde-0 thread-0 [ run-6 ]: Query 100 records from 1000 streams Results as (start time, end time, completion time): (1344536827.93, 1344536827.96, 0.0314509868622)
2012-08-09 11:27:08,010 INFO  verde-0 thread-0 [ run-6 ]: The database size is now 327680 bytes.
